<?xml version="1.0" encoding="UTF-8"?>
<!-- Generated by org.testng.reporters.JUnitReportReporter -->
<testsuite hostname="LAPTOP-NSH5LFJD" failures="0" tests="2" name="TestRunner.MyTestRunner" time="75.102" errors="0" timestamp="2025-08-23T10:26:15 IST" skipped="0">
  <testcase classname="TestRunner.MyTestRunner" name="runScenario" time="37.853"/>
  <testcase classname="TestRunner.MyTestRunner" name="runScenario" time="37.249"/>
</testsuite> <!-- TestRunner.MyTestRunner -->
