<?xml version="1.0" encoding="UTF-8"?>
<!-- Generated by org.testng.reporters.JUnitReportReporter -->
<testsuite hostname="LAPTOP-NSH5LFJD" failures="0" tests="3" name="Lab18Aug.Login" time="22.921" errors="0" timestamp="2025-08-23T13:41:00 IST" skipped="0">
  <testcase classname="Lab18Aug.Login" name="positiveLoginTest" time="10.616"/>
  <testcase classname="Lab18Aug.Login" name="negativeUsernameTest" time="6.234"/>
  <testcase classname="Lab18Aug.Login" name="negativePasswordTest" time="6.071"/>
</testsuite> <!-- Lab18Aug.Login -->
