<?xml version="1.0" encoding="UTF-8"?>
<!-- Generated by org.testng.reporters.JUnitReportReporter -->
<testsuite hostname="LAPTOP-NSH5LFJD" failures="0" tests="3" name="Aug202025.DataProviders" time="113.650" errors="0" timestamp="2025-08-20T09:26:06 IST" skipped="0">
  <testcase classname="Aug202025.DataProviders" name="loginTest" time="38.493"/>
  <testcase classname="Aug202025.DataProviders" name="loginTest" time="38.492"/>
  <testcase classname="Aug202025.DataProviders" name="loginTest" time="36.665"/>
</testsuite> <!-- Aug202025.DataProviders -->
