<?xml version="1.0" encoding="UTF-8"?>
<!-- Generated by org.testng.reporters.JUnitReportReporter -->
<testsuite hostname="LAPTOP-NSH5LFJD" failures="0" tests="3" name="Aug192025.TestNGAnnotation" time="0.011" errors="0" timestamp="2025-08-19T10:48:40 IST" skipped="0">
  <testcase classname="Aug192025.TestNGAnnotation" name="testcase3" time="0.001"/>
  <testcase classname="Aug192025.TestNGAnnotation" name="testcase2" time="0.004"/>
  <testcase classname="Aug192025.TestNGAnnotation" name="testcase1" time="0.006"/>
</testsuite> <!-- Aug192025.TestNGAnnotation -->
