<?xml version="1.0" encoding="UTF-8"?>
<!-- Generated by org.testng.reporters.JUnitReportReporter -->
<testsuite hostname="LAPTOP-NSH5LFJD" failures="0" tests="2" name="Lab16Aug.TestNGGroupLab" time="0.013" errors="0" timestamp="2025-08-16T17:16:02 IST" skipped="0">
  <testcase classname="Lab16Aug.TestNGGroupLab" name="LoginTest" time="0.010"/>
  <testcase classname="Lab16Aug.TestNGGroupLab" name="logoutTest" time="0.003"/>
</testsuite> <!-- Lab16Aug.TestNGGroupLab -->
