<?xml version="1.0" encoding="UTF-8"?>
<!-- Generated by org.testng.reporters.JUnitReportReporter -->
<testsuite hostname="LAPTOP-NSH5LFJD" failures="0" tests="2" name="com.wiprojuly.testng.TestNGDependency" time="47.651" errors="0" timestamp="2025-08-19T09:52:30 IST" skipped="0">
  <testcase classname="com.wiprojuly.testng.TestNGDependency" name="login" time="27.548"/>
  <testcase classname="com.wiprojuly.testng.TestNGDependency" name="testcheckbox" time="20.103"/>
</testsuite> <!-- com.wiprojuly.testng.TestNGDependency -->
