<?xml version="1.0" encoding="UTF-8"?>
<!-- Generated by org.testng.reporters.JUnitReportReporter -->
<testsuite hostname="LAPTOP-NSH5LFJD" failures="0" tests="1" name="Aug192025.TestNG_ListnerTestcase" time="30.351" errors="0" timestamp="2025-08-19T11:32:30 IST" skipped="0">
  <testcase classname="Aug192025.TestNG_ListnerTestcase" name="testlogin" time="30.351"/>
</testsuite> <!-- Aug192025.TestNG_ListnerTestcase -->
