<?xml version="1.0" encoding="UTF-8"?>
<!-- Generated by org.testng.reporters.JUnitReportReporter -->
<testsuite hostname="LAPTOP-NSH5LFJD" failures="0" tests="6" name="Aug192025.lab" time="169.139" errors="0" timestamp="2025-08-19T14:44:06 IST" skipped="0">
  <testcase classname="Aug192025.lab" name="positiveLoginTest" time="58.597"/>
  <testcase classname="Aug192025.lab" name="negativeUsernameTest" time="56.637"/>
  <testcase classname="Aug192025.lab" name="testcase2" time="0.008"/>
  <testcase classname="Aug192025.lab" name="testcase1" time="0.007"/>
  <testcase classname="Aug192025.lab" name="testcase3" time="0.004"/>
  <testcase classname="Aug192025.lab" name="negativePasswordTest" time="53.886"/>
</testsuite> <!-- Aug192025.lab -->
