<?xml version="1.0" encoding="UTF-8"?>
<!-- Generated by org.testng.reporters.JUnitReportReporter -->
<testsuite hostname="LAPTOP-NSH5LFJD" failures="0" tests="1" name="com.wiprojuly.testng.TestNgTestCase" time="21.004" errors="0" timestamp="2025-08-16T16:26:56 IST" skipped="0">
  <testcase classname="com.wiprojuly.testng.TestNgTestCase" name="launchbrowser" time="21.004"/>
</testsuite> <!-- com.wiprojuly.testng.TestNgTestCase -->
