<?xml version="1.0" encoding="UTF-8"?>
<!-- Generated by org.testng.reporters.JUnitReportReporter -->
<testsuite hostname="LAPTOP-NSH5LFJD" failures="0" tests="1" name="com.wiprojuly.fetchfromdatabase.TestDatabase" time="75.655" errors="0" timestamp="2025-08-20T11:51:16 IST" skipped="0">
  <testcase classname="com.wiprojuly.fetchfromdatabase.TestDatabase" name="readfromDBTest" time="75.655"/>
</testsuite> <!-- com.wiprojuly.fetchfromdatabase.TestDatabase -->
