<?xml version="1.0" encoding="UTF-8"?>
<!-- Generated by org.testng.reporters.JUnitReportReporter -->
<testsuite hostname="LAPTOP-NSH5LFJD" failures="0" tests="3" name="Lab18Aug.Login" time="35.069" errors="0" timestamp="2025-08-23T13:32:35 IST" skipped="0">
  <testcase classname="Lab18Aug.Login" name="positiveLoginTest" time="21.686"/>
  <testcase classname="Lab18Aug.Login" name="negativeUsernameTest" time="6.946"/>
  <testcase classname="Lab18Aug.Login" name="negativePasswordTest" time="6.437"/>
</testsuite> <!-- Lab18Aug.Login -->
