<?xml version="1.0" encoding="UTF-8"?>
<!-- Generated by org.testng.reporters.JUnitReportReporter -->
<testsuite hostname="LAPTOP-NSH5LFJD" failures="0" tests="1" name="com.wiprojuly.seleniumgrid.SeleniumGridTestcase" time="52.665" errors="0" timestamp="2025-08-20T15:43:39 IST" skipped="0">
  <testcase classname="com.wiprojuly.seleniumgrid.SeleniumGridTestcase" name="login" time="52.665"/>
</testsuite> <!-- com.wiprojuly.seleniumgrid.SeleniumGridTestcase -->
