<?xml version="1.0" encoding="UTF-8"?>
<!-- Generated by org.testng.reporters.JUnitReportReporter -->
<testsuite hostname="LAPTOP-NSH5LFJD" failures="0" tests="2" name="Aug202025.TestNGTestcase" time="55.784" errors="0" timestamp="2025-08-20T10:40:13 IST" skipped="0">
  <testcase classname="Aug202025.TestNGTestcase" name="login" time="29.781"/>
  <testcase classname="Aug202025.TestNGTestcase" name="launchbrowser" time="26.003"/>
</testsuite> <!-- Aug202025.TestNGTestcase -->
