<?xml version="1.0" encoding="UTF-8"?>
<!-- Generated by org.testng.reporters.JUnitReportReporter -->
<testsuite hostname="LAPTOP-NSH5LFJD" failures="0" tests="4" name="com.wiprojuly.testng.TestNGGroups" time="0.032" errors="0" timestamp="2025-08-19T09:49:06 IST" skipped="0">
  <testcase classname="com.wiprojuly.testng.TestNGGroups" name="testcase3" time="0.011"/>
  <testcase classname="com.wiprojuly.testng.TestNGGroups" name="testcase4" time="0.005"/>
  <testcase classname="com.wiprojuly.testng.TestNGGroups" name="testcase1" time="0.010"/>
  <testcase classname="com.wiprojuly.testng.TestNGGroups" name="testcase2" time="0.006"/>
</testsuite> <!-- com.wiprojuly.testng.TestNGGroups -->
