<?xml version="1.0" encoding="UTF-8"?>
<!-- Generated by org.testng.reporters.JUnitReportReporter -->
<testsuite hostname="LAPTOP-NSH5LFJD" failures="0" tests="2" name="Lab16Aug.TestNGGRoupLab2" time="0.013" errors="0" timestamp="2025-08-16T17:22:14 IST" skipped="0">
  <testcase classname="Lab16Aug.TestNGGRoupLab2" name="createUser" time="0.009"/>
  <testcase classname="Lab16Aug.TestNGGRoupLab2" name="viewUser" time="0.004"/>
</testsuite> <!-- Lab16Aug.TestNGGRoupLab2 -->
