<?xml version="1.0" encoding="UTF-8"?>
<!-- Generated by org.testng.reporters.JUnitReportReporter -->
<testsuite hostname="LAPTOP-NSH5LFJD" failures="0" tests="1" name="com.wiprojuly.testng.TestNGParameterization" time="5.882" errors="0" timestamp="2025-08-16T16:00:36 IST" skipped="0">
  <testcase classname="com.wiprojuly.testng.TestNGParameterization" name="testparameters" time="5.882"/>
</testsuite> <!-- com.wiprojuly.testng.TestNGParameterization -->
