<?xml version="1.0" encoding="UTF-8"?>
<!-- Generated by org.testng.reporters.JUnitReportReporter -->
<testsuite hostname="LAPTOP-NSH5LFJD" failures="0" tests="4" name="com.wiprojuly.testng.MultipleTestNGTestCases" time="107.103" errors="0" timestamp="2025-08-19T09:52:30 IST" skipped="0">
  <testcase classname="com.wiprojuly.testng.MultipleTestNGTestCases" name="radiobuttons" time="22.579"/>
  <testcase classname="com.wiprojuly.testng.MultipleTestNGTestCases" name="testalerts" time="43.387"/>
  <testcase classname="com.wiprojuly.testng.MultipleTestNGTestCases" name="testdragdrop" time="21.608"/>
  <testcase classname="com.wiprojuly.testng.MultipleTestNGTestCases" name="testcheckbox" time="19.529"/>
</testsuite> <!-- com.wiprojuly.testng.MultipleTestNGTestCases -->
