<?xml version="1.0" encoding="UTF-8"?>
<!-- Generated by org.testng.reporters.JUnitReportReporter -->
<testsuite hostname="LAPTOP-NSH5LFJD" failures="0" tests="1" name="com.wiprojuly.datadriventesting.ExcelWrite" time="8.128" errors="0" timestamp="2025-08-19T17:35:27 IST" skipped="0">
  <testcase classname="com.wiprojuly.datadriventesting.ExcelWrite" name="login" time="8.128"/>
</testsuite> <!-- com.wiprojuly.datadriventesting.ExcelWrite -->
