<?xml version="1.0" encoding="UTF-8"?>
<!-- Generated by org.testng.reporters.JUnitReportReporter -->
<testsuite hostname="LAPTOP-NSH5LFJD" failures="0" tests="2" name="com.wiprojuly.testng.TestNGSkipping" time="20.407" errors="0" timestamp="2025-08-16T15:10:26 IST" skipped="1">
  <testcase classname="com.wiprojuly.testng.TestNGSkipping" name="launchbrowser" time="20.407"/>
  <testcase classname="com.wiprojuly.testng.TestNGSkipping" name="login">
    <skipped/>
  </testcase> <!-- login -->
</testsuite> <!-- com.wiprojuly.testng.TestNGSkipping -->
