<?xml version="1.0" encoding="UTF-8"?>
<!-- Generated by org.testng.reporters.JUnitReportReporter -->
<testsuite hostname="LAPTOP-NSH5LFJD" failures="0" tests="1" name="Aug192025.TestNGSoftAssertion" time="30.449" errors="0" timestamp="2025-08-19T10:25:01 IST" skipped="0">
  <testcase classname="Aug192025.TestNGSoftAssertion" name="testlogin" time="30.449"/>
</testsuite> <!-- Aug192025.TestNGSoftAssertion -->
