<?xml version="1.0" encoding="UTF-8"?>
<!-- Generated by org.testng.reporters.JUnitReportReporter -->
<testsuite hostname="LAPTOP-NSH5LFJD" failures="0" tests="3" name="Lab18Aug.Login" time="153.569" errors="0" timestamp="2025-08-19T15:16:23 IST" skipped="0">
  <testcase classname="Lab18Aug.Login" name="positiveLoginTest" time="53.592"/>
  <testcase classname="Lab18Aug.Login" name="negativeUsernameTest" time="48.126"/>
  <testcase classname="Lab18Aug.Login" name="negativePasswordTest" time="51.851"/>
</testsuite> <!-- Lab18Aug.Login -->
